0 info it worked if it ends with ok
1 verbose cli [ '/home/dom/.nvm/versions/node/v6.11.2/bin/node',
1 verbose cli   '/home/dom/.nvm/versions/node/v6.11.2/bin/npm',
1 verbose cli   'run',
1 verbose cli   'build' ]
2 info using npm@3.10.10
3 info using node@v6.11.2
4 verbose run-script [ 'prebuild', 'build', 'postbuild' ]
5 info lifecycle symplete@1.0.0~prebuild: symplete@1.0.0
6 silly lifecycle symplete@1.0.0~prebuild: no script for prebuild, continuing
7 info lifecycle symplete@1.0.0~build: symplete@1.0.0
8 verbose lifecycle symplete@1.0.0~build: unsafe-perm in lifecycle true
9 verbose lifecycle symplete@1.0.0~build: PATH: /home/dom/.nvm/versions/node/v6.11.2/lib/node_modules/npm/bin/node-gyp-bin:/mnt/c/Users/domin/Desktop/hrrepo/symplete/node_modules/.bin:/home/dom/.nvm/versions/node/v6.11.2/bin:/home/linuxbrew/.linuxbrew/bin:/usr/local/sbin:/usr/local/bin:/usr/sbin:/usr/bin:/sbin:/bin:/usr/games:/usr/local/games:/mnt/c/Program Files/Docker/Docker/resources/bin:/mnt/c/ProgramData/Oracle/Java/javapath_target_1216455718:/mnt/c/Python27:/mnt/c/Python27/Scripts:/mnt/c/Windows/System32:/mnt/c/Windows:/mnt/c/Windows/System32/wbem:/mnt/c/Windows/System32/WindowsPowerShell/v1.0:/mnt/c/Program Files/TortoiseGit/bin:/mnt/c/Program Files/Git/cmd:/mnt/c/Program Files/nodejs:/mnt/c/Program Files (x86)/NVIDIA Corporation/PhysX/Common:/mnt/c/Program Files (x86)/Skype/Phone:/mnt/c/Windows/System32:/mnt/c/Windows:/mnt/c/Windows/System32/wbem:/mnt/c/Windows/System32/WindowsPowerShell/v1.0:/mnt/c/Ruby22-x64/bin:/mnt/c/Program Files (x86)/NVIDIA Corporation/PhysX/Common:/mnt/c/Windows/System32:/mnt/c/Windows:/mnt/c/Windows/System32/wbem:/mnt/c/Windows/System32/WindowsPowerShell/v1.0:/mnt/c/Program Files (x86)/Skype/Phone:/mnt/c/Python27:/mnt/c/Users/domin/AppData/Local/Microsoft/WindowsApps:/mnt/c/Users/domin/AppData/Local/atom/bin:/mnt/c/Users/domin/AppData/Roaming/npm:/snap/bin
10 verbose lifecycle symplete@1.0.0~build: CWD: /mnt/c/Users/domin/Desktop/hrrepo/symplete
11 silly lifecycle symplete@1.0.0~build: Args: [ '-c', 'webpack --watch' ]
12 silly lifecycle symplete@1.0.0~build: Returned: code: 1  signal: null
13 info lifecycle symplete@1.0.0~build: Failed to exec build script
14 verbose stack Error: symplete@1.0.0 build: `webpack --watch`
14 verbose stack Exit status 1
14 verbose stack     at EventEmitter.<anonymous> (/home/dom/.nvm/versions/node/v6.11.2/lib/node_modules/npm/lib/utils/lifecycle.js:255:16)
14 verbose stack     at emitTwo (events.js:106:13)
14 verbose stack     at EventEmitter.emit (events.js:191:7)
14 verbose stack     at ChildProcess.<anonymous> (/home/dom/.nvm/versions/node/v6.11.2/lib/node_modules/npm/lib/utils/spawn.js:40:14)
14 verbose stack     at emitTwo (events.js:106:13)
14 verbose stack     at ChildProcess.emit (events.js:191:7)
14 verbose stack     at maybeClose (internal/child_process.js:891:16)
14 verbose stack     at Process.ChildProcess._handle.onexit (internal/child_process.js:226:5)
15 verbose pkgid symplete@1.0.0
16 verbose cwd /mnt/c/Users/domin/Desktop/hrrepo/symplete
17 error Linux 4.4.0-43-Microsoft
18 error argv "/home/dom/.nvm/versions/node/v6.11.2/bin/node" "/home/dom/.nvm/versions/node/v6.11.2/bin/npm" "run" "build"
19 error node v6.11.2
20 error npm  v3.10.10
21 error code ELIFECYCLE
22 error symplete@1.0.0 build: `webpack --watch`
22 error Exit status 1
23 error Failed at the symplete@1.0.0 build script 'webpack --watch'.
23 error Make sure you have the latest version of node.js and npm installed.
23 error If you do, this is most likely a problem with the symplete package,
23 error not with npm itself.
23 error Tell the author that this fails on your system:
23 error     webpack --watch
23 error You can get information on how to open an issue for this project with:
23 error     npm bugs symplete
23 error Or if that isn't available, you can get their info via:
23 error     npm owner ls symplete
23 error There is likely additional logging output above.
24 verbose exit [ 1, true ]
